<?xml version="1.0" encoding="utf-8"?><testsuites name="pytest tests"><testsuite name="pytest" errors="0" failures="0" skipped="0" tests="16" time="3.501" timestamp="2026-08-06T23:02:18.927685+00:00" hostname="agent-env-532da8be-5891-4148-9f92-ab2c831a4004"><testcase classname="tests.test_admin_cms" name="test_login_wrong_password" time="0.357" /><testcase classname="tests.test_admin_cms" name="test_me_requires_token" time="0.055" /><testcase classname="tests.test_admin_cms" name="test_me_with_token" time="0.397" /><testcase classname="tests.test_admin_cms" name="test_protected_endpoints_require_auth[GET-/bookings]" time="0.049" /><testcase classname="tests.test_admin_cms" name="test_protected_endpoints_require_auth[PUT-/content]" time="0.059" /><testcase classname="tests.test_admin_cms" name="test_protected_endpoints_require_auth[POST-/content/reset]" time="0.052" /><testcase classname="tests.test_admin_cms" name="test_protected_endpoints_require_auth[GET-/auth/users]" time="0.051" /><testcase classname="tests.test_admin_cms" name="test_protected_endpoints_require_auth[POST-/auth/users]" time="0.047" /><testcase classname="tests.test_admin_cms" name="test_protected_endpoints_require_auth[POST-/admin/upload]" time="0.050" /><testcase classname="tests.test_admin_cms" name="test_get_content_public" time="0.052" /><testcase classname="tests.test_admin_cms" name="test_put_content_and_reset" time="0.260" /><testcase classname="tests.test_admin_cms" name="test_upload_image" time="0.615" /><testcase classname="tests.test_admin_cms" name="test_upload_rejects_non_image" time="0.056" /><testcase classname="tests.test_admin_cms" name="test_bookings_list_authenticated" time="0.053" /><testcase classname="tests.test_admin_cms" name="test_bookings_create_and_delete_cycle" time="0.197" /><testcase classname="tests.test_admin_cms" name="test_admin_users_flow" time="0.930" /></testsuite></testsuites>