<?xml version="1.0" encoding="utf-8"?><testsuites name="pytest tests"><testsuite name="pytest" errors="0" failures="0" skipped="0" tests="4" time="2.289" timestamp="2026-08-06T22:15:20.072686+00:00" hostname="agent-env-532da8be-5891-4148-9f92-ab2c831a4004"><testcase classname="tests.test_bullet_zone" name="test_root" time="0.352" /><testcase classname="tests.test_bullet_zone" name="test_create_booking_and_persist" time="0.191" /><testcase classname="tests.test_bullet_zone" name="test_create_booking_missing_required_fields" time="0.071" /><testcase classname="tests.test_bullet_zone" name="test_create_booking_optional_fields_default" time="0.077" /></testsuite></testsuites>